<?xml version="1.0" encoding="UTF-8"?>
<!-- Generated by org.testng.reporters.JUnitReportReporter -->
<testsuite skipped="0" hostname="MP183YEK190617" name="com.qa.hotpot.tests.LoginTest" tests="2" failures="0" timestamp="07 Oct 2019 09:56:07 GMT" time="26.508" errors="0">
  <testcase name="loginTest" time="16.373" classname="com.qa.hotpot.tests.LoginTest"/>
  <testcase name="loginPageTitleTest" time="10.135" classname="com.qa.hotpot.tests.LoginTest"/>
</testsuite> <!-- com.qa.hotpot.tests.LoginTest -->
