<?xml version="1.0" encoding="UTF-8"?>
<!-- Generated by org.testng.reporters.JUnitReportReporter -->
<testsuite skipped="0" hostname="MP183YEK190617" name="com.qa.hotpot.tests.ContactsPageTest" tests="2" failures="0" timestamp="17 Sep 2019 12:25:05 GMT" time="68.029" errors="0">
  <testcase name="verifyContactsPageTitleTest" time="26.148" classname="com.qa.hotpot.tests.ContactsPageTest"/>
  <testcase name="createNewContactTest" time="41.881" classname="com.qa.hotpot.tests.ContactsPageTest"/>
</testsuite> <!-- com.qa.hotpot.tests.ContactsPageTest -->
