<?xml version="1.0" encoding="UTF-8"?>
<!-- Generated by org.testng.reporters.JUnitReportReporter -->
<testsuite skipped="0" hostname="MP183YEK190617" name="com.qa.hotpot.tests.LoginTest" tests="2" failures="0" timestamp="18 Sep 2019 20:53:38 GMT" time="25.236" errors="0">
  <testcase name="loginTest" time="14.873" classname="com.qa.hotpot.tests.LoginTest"/>
  <testcase name="loginPageTitleTest" time="10.363" classname="com.qa.hotpot.tests.LoginTest"/>
</testsuite> <!-- com.qa.hotpot.tests.LoginTest -->
