<?xml version="1.0" encoding="UTF-8"?>
<!-- Generated by org.testng.reporters.JUnitReportReporter -->
<testsuite skipped="0" hostname="MP183YEK190617" name="com.qa.hotpot.tests.ContactsPageTest" tests="5" failures="0" timestamp="21 Sep 2019 19:33:28 GMT" time="262.824" errors="0">
  <testcase name="verifyContactsPageTitleTest" time="25.392" classname="com.qa.hotpot.tests.ContactsPageTest"/>
  <testcase name="createNewContactTest" time="58.636" classname="com.qa.hotpot.tests.ContactsPageTest"/>
  <testcase name="createNewContactTest" time="62.060" classname="com.qa.hotpot.tests.ContactsPageTest"/>
  <testcase name="createNewContactTest" time="53.747" classname="com.qa.hotpot.tests.ContactsPageTest"/>
  <testcase name="createNewContactTest" time="62.989" classname="com.qa.hotpot.tests.ContactsPageTest"/>
</testsuite> <!-- com.qa.hotpot.tests.ContactsPageTest -->
