<?xml version="1.0" encoding="UTF-8"?>
<!-- Generated by org.testng.reporters.JUnitReportReporter -->
<testsuite skipped="0" hostname="MP183YEK190617" name="com.qa.hotpot.tests.LowdsdTest" tests="1" failures="0" timestamp="08 Sep 2019 09:50:16 GMT" time="0.094" errors="0">
  <testcase name="cc" time="0.094" classname="com.qa.hotpot.tests.LowdsdTest"/>
</testsuite> <!-- com.qa.hotpot.tests.LowdsdTest -->
