<?xml version="1.0" encoding="UTF-8"?>
<!-- Generated by org.testng.reporters.JUnitReportReporter -->
<testsuite skipped="0" hostname="MP183YEK190617" name="com.qa.hotpot.tests.LoginTest" tests="2" failures="0" timestamp="06 Oct 2019 17:59:28 GMT" time="40.618" errors="0">
  <testcase name="loginTest" time="20.268" classname="com.qa.hotpot.tests.LoginTest"/>
  <testcase name="loginPageTitleTest" time="20.350" classname="com.qa.hotpot.tests.LoginTest"/>
</testsuite> <!-- com.qa.hotpot.tests.LoginTest -->
