<?xml version="1.0" encoding="UTF-8"?>
<!-- Generated by org.testng.reporters.JUnitReportReporter -->
<testsuite skipped="0" hostname="MP183YEK190617" name="com.qa.hotpot.tests.LoginTest" tests="2" failures="0" timestamp="19 Sep 2019 21:29:41 GMT" time="33.042" errors="0">
  <testcase name="loginTest" time="17.462" classname="com.qa.hotpot.tests.LoginTest"/>
  <testcase name="loginPageTitleTest" time="15.580" classname="com.qa.hotpot.tests.LoginTest"/>
</testsuite> <!-- com.qa.hotpot.tests.LoginTest -->
