<?xml version="1.0" encoding="UTF-8"?>
<!-- Generated by org.testng.reporters.JUnitReportReporter -->
<testsuite skipped="0" hostname="MP183YEK190617" name="com.qa.hotpot.tests.LoginTest" tests="2" failures="0" timestamp="07 Oct 2019 10:06:39 GMT" time="28.785" errors="0">
  <testcase name="loginTest" time="16.196" classname="com.qa.hotpot.tests.LoginTest"/>
  <testcase name="loginPageTitleTest" time="12.589" classname="com.qa.hotpot.tests.LoginTest"/>
</testsuite> <!-- com.qa.hotpot.tests.LoginTest -->
